<?xml version="1.0" encoding="UTF-8"?>
<!-- Generated by org.testng.reporters.JUnitReportReporter -->
<testsuite hostname="DESKTOP-TRRM22Q" failures="0" tests="3" name="tests.CookiesTest1" time="17.272" errors="0" timestamp="2023-11-09T11:54:38 IST" skipped="0">
  <testcase classname="tests.CookiesTest1" name="method1" time="17.022"/>
  <testcase classname="tests.CookiesTest1" name="mehod2" time="0.053"/>
  <testcase classname="tests.CookiesTest1" name="method3" time="0.197"/>
</testsuite> <!-- tests.CookiesTest1 -->
