<?xml version="1.0" encoding="UTF-8"?>
<!-- Generated by org.testng.reporters.JUnitReportReporter -->
<testsuite hostname="DESKTOP-TRRM22Q" failures="0" tests="1" name="practice.Test94" time="25.809" errors="0" timestamp="2023-10-19T19:12:48 IST" skipped="0">
  <testcase classname="practice.Test94" name="method1" time="25.809"/>
</testsuite> <!-- practice.Test94 -->
