<?xml version="1.0" encoding="UTF-8"?>
<!-- Generated by org.testng.reporters.JUnitReportReporter -->
<testsuite hostname="DESKTOP-TRRM22Q" failures="0" tests="1" name="practice.Test196" time="8.657" errors="0" timestamp="2023-11-29T11:18:57 IST" skipped="0">
  <testcase classname="practice.Test196" name="method" time="8.657"/>
</testsuite> <!-- practice.Test196 -->
