<?xml version="1.0" encoding="UTF-8"?>
<!-- Generated by org.testng.reporters.JUnitReportReporter -->
<testsuite hostname="DESKTOP-TRRM22Q" failures="0" tests="1" name="practice.Test231" time="37.625" errors="0" timestamp="2023-12-05T13:18:19 IST" skipped="0">
  <testcase classname="practice.Test231" name="method" time="37.625"/>
</testsuite> <!-- practice.Test231 -->
