<?xml version="1.0" encoding="UTF-8"?>
<!-- Generated by org.testng.reporters.JUnitReportReporter -->
<testsuite hostname="DESKTOP-TRRM22Q" failures="0" tests="2" name="practice.Test99" time="21.419" errors="0" timestamp="2024-05-22T19:32:10 IST" skipped="0">
  <testcase classname="practice.Test99" name="method1" time="15.684"/>
  <testcase classname="practice.Test99" name="method2" time="5.735"/>
</testsuite> <!-- practice.Test99 -->
