<?xml version="1.0" encoding="UTF-8"?>
<!-- Generated by org.testng.reporters.JUnitReportReporter -->
<testsuite hostname="DESKTOP-TRRM22Q" failures="0" tests="1" name="practice.Test199" time="15.977" errors="0" timestamp="2023-11-29T12:06:33 IST" skipped="0">
  <testcase classname="practice.Test199" name="method" time="15.977"/>
</testsuite> <!-- practice.Test199 -->
