<?xml version="1.0" encoding="UTF-8"?>
<!-- Generated by org.testng.reporters.JUnitReportReporter -->
<testsuite hostname="DESKTOP-TRRM22Q" failures="0" tests="4" name="test.AutoSuggestions" time="26.640" errors="0" timestamp="2023-11-02T12:10:43 IST" skipped="0">
  <testcase classname="test.AutoSuggestions" name="sacnner" time="19.392"/>
  <testcase classname="test.AutoSuggestions" name="launchSite" time="6.784"/>
  <testcase classname="test.AutoSuggestions" name="searchWord" time="0.226"/>
  <testcase classname="test.AutoSuggestions" name="closeSite" time="0.238"/>
</testsuite> <!-- test.AutoSuggestions -->
