<?xml version="1.0" encoding="UTF-8"?>
<!-- Generated by org.testng.reporters.JUnitReportReporter -->
<testsuite hostname="DESKTOP-TRRM22Q" failures="0" tests="1" name="practice.Test232" time="19.893" errors="0" timestamp="2023-12-06T11:54:51 IST" skipped="0">
  <testcase classname="practice.Test232" name="method" time="19.893"/>
</testsuite> <!-- practice.Test232 -->
