<?xml version="1.0" encoding="UTF-8"?>
<!-- Generated by org.testng.reporters.JUnitReportReporter -->
<testsuite hostname="DESKTOP-TRRM22Q" failures="0" tests="1" name="practice.Test194" time="27.313" errors="0" timestamp="2023-11-29T10:46:39 IST" skipped="0">
  <testcase classname="practice.Test194" name="method" time="27.313"/>
</testsuite> <!-- practice.Test194 -->
