<?xml version="1.0" encoding="UTF-8"?>
<!-- Generated by org.testng.reporters.JUnitReportReporter -->
<testsuite hostname="DESKTOP-TRRM22Q" failures="0" tests="1" name="practice.Test220" time="17.496" errors="0" timestamp="2023-12-02T19:58:10 IST" skipped="0">
  <testcase classname="practice.Test220" name="method1" time="17.496"/>
</testsuite> <!-- practice.Test220 -->
