<?xml version="1.0" encoding="UTF-8"?>
<!-- Generated by org.testng.reporters.JUnitReportReporter -->
<testsuite hostname="DESKTOP-TRRM22Q" failures="0" tests="4" name="tests.CookiesTest2" time="19.195" errors="0" timestamp="2023-11-09T12:10:55 IST" skipped="0">
  <testcase classname="tests.CookiesTest2" name="method1" time="18.643"/>
  <testcase classname="tests.CookiesTest2" name="method2" time="0.100"/>
  <testcase classname="tests.CookiesTest2" name="method3" time="0.262"/>
  <testcase classname="tests.CookiesTest2" name="method4" time="0.190"/>
</testsuite> <!-- tests.CookiesTest2 -->
