<?xml version="1.0" encoding="UTF-8"?>
<!-- Generated by org.testng.reporters.JUnitReportReporter -->
<testsuite hostname="DESKTOP-TRRM22Q" failures="0" tests="1" name="practice.Test93" time="49.148" errors="0" timestamp="2023-10-19T19:11:54 IST" skipped="0">
  <testcase classname="practice.Test93" name="method1" time="49.148"/>
</testsuite> <!-- practice.Test93 -->
