<?xml version="1.0" encoding="UTF-8"?>
<!-- Generated by org.testng.reporters.JUnitReportReporter -->
<testsuite hostname="DESKTOP-TRRM22Q" failures="0" tests="4" name="practice.Test83" time="36.742" errors="0" timestamp="2023-11-09T12:49:17 IST" skipped="0">
  <testcase classname="practice.Test83" name="method1" time="31.330"/>
  <testcase classname="practice.Test83" name="method2" time="0.069"/>
  <testcase classname="practice.Test83" name="method3" time="5.073"/>
  <testcase classname="practice.Test83" name="method4" time="0.270"/>
</testsuite> <!-- practice.Test83 -->
