<?xml version="1.0" encoding="UTF-8"?>
<!-- Generated by org.testng.reporters.JUnitReportReporter -->
<testsuite hostname="DESKTOP-TRRM22Q" failures="0" tests="3" name="practice.Test80" time="169.574" errors="0" timestamp="2023-11-09T12:15:45 IST" skipped="0">
  <testcase classname="practice.Test80" name="method1" time="168.700"/>
  <testcase classname="practice.Test80" name="method2" time="0.281"/>
  <testcase classname="practice.Test80" name="method3" time="0.593"/>
</testsuite> <!-- practice.Test80 -->
