<?xml version="1.0" encoding="UTF-8"?>
<!-- Generated by org.testng.reporters.JUnitReportReporter -->
<testsuite hostname="DESKTOP-TRRM22Q" failures="0" tests="4" name="tests.AddAndDeleteCookie" time="27.601" errors="0" timestamp="2023-11-09T12:45:01 IST" skipped="0">
  <testcase classname="tests.AddAndDeleteCookie" name="method1" time="27.143"/>
  <testcase classname="tests.AddAndDeleteCookie" name="method2" time="0.039"/>
  <testcase classname="tests.AddAndDeleteCookie" name="method3" time="0.040"/>
  <testcase classname="tests.AddAndDeleteCookie" name="method4" time="0.379"/>
</testsuite> <!-- tests.AddAndDeleteCookie -->
