<?xml version="1.0" encoding="UTF-8"?>
<!-- Generated by org.testng.reporters.JUnitReportReporter -->
<testsuite hostname="DESKTOP-TRRM22Q" failures="0" tests="1" name="practice.Test198" time="6.772" errors="0" timestamp="2023-11-29T11:49:41 IST" skipped="0">
  <testcase classname="practice.Test198" name="method" time="6.772"/>
</testsuite> <!-- practice.Test198 -->
