<?xml version="1.0" encoding="UTF-8"?>
<!-- Generated by org.testng.reporters.JUnitReportReporter -->
<testsuite hostname="DESKTOP-TRRM22Q" failures="0" tests="1" name="practice.Test130" time="6.345" errors="0" timestamp="2023-10-11T18:16:15 IST" skipped="0">
  <testcase classname="practice.Test130" name="method1" time="6.345"/>
</testsuite> <!-- practice.Test130 -->
