<?xml version="1.0" encoding="UTF-8"?>
<!-- Generated by org.testng.reporters.JUnitReportReporter -->
<testsuite hostname="DESKTOP-TRRM22Q" failures="0" tests="2" name="practice.Test101" time="37.208" errors="0" timestamp="2023-10-19T19:44:38 IST" skipped="0">
  <testcase classname="practice.Test101" name="method1" time="31.442"/>
  <testcase classname="practice.Test101" name="method2" time="5.766"/>
</testsuite> <!-- practice.Test101 -->
