<?xml version="1.0" encoding="UTF-8"?>
<!-- Generated by org.testng.reporters.JUnitReportReporter -->
<testsuite hostname="DESKTOP-TRRM22Q" failures="0" tests="3" name="practice.Test113" time="21.840" errors="0" timestamp="2023-10-19T20:21:21 IST" skipped="0">
  <testcase classname="practice.Test113" name="method1" time="20.807"/>
  <testcase classname="practice.Test113" name="method2" time="0.442"/>
  <testcase classname="practice.Test113" name="method3" time="0.591"/>
</testsuite> <!-- practice.Test113 -->
