<?xml version="1.0" encoding="UTF-8"?>
<!-- Generated by org.testng.reporters.JUnitReportReporter -->
<testsuite hostname="DESKTOP-TRRM22Q" failures="0" tests="1" name="practice.Test230" time="40.178" errors="0" timestamp="2023-12-05T13:02:11 IST" skipped="0">
  <testcase classname="practice.Test230" name="method" time="40.178"/>
</testsuite> <!-- practice.Test230 -->
