<?xml version="1.0" encoding="UTF-8"?>
<!-- Generated by org.testng.reporters.JUnitReportReporter -->
<testsuite hostname="DESKTOP-TRRM22Q" failures="0" tests="2" name="practice.Test105" time="78.355" errors="0" timestamp="2023-10-19T20:09:43 IST" skipped="0">
  <testcase classname="practice.Test105" name="method1" time="78.049"/>
  <testcase classname="practice.Test105" name="method2" time="0.306"/>
</testsuite> <!-- practice.Test105 -->
