<?xml version="1.0" encoding="UTF-8"?>
<!-- Generated by org.testng.reporters.JUnitReportReporter -->
<testsuite hostname="DESKTOP-TRRM22Q" failures="0" tests="1" name="practice.Test89" time="23.624" errors="0" timestamp="2024-05-22T19:47:31 IST" skipped="0">
  <testcase classname="practice.Test89" name="method1" time="23.624"/>
</testsuite> <!-- practice.Test89 -->
