<?xml version="1.0" encoding="UTF-8"?>
<!-- Generated by org.testng.reporters.JUnitReportReporter -->
<testsuite hostname="DESKTOP-TRRM22Q" failures="0" tests="1" name="practice.Test195" time="27.447" errors="0" timestamp="2023-11-29T10:45:20 IST" skipped="0">
  <testcase classname="practice.Test195" name="method" time="27.447"/>
</testsuite> <!-- practice.Test195 -->
