<?xml version="1.0" encoding="UTF-8"?>
<!-- Generated by org.testng.reporters.JUnitReportReporter -->
<testsuite hostname="DESKTOP-TRRM22Q" failures="0" tests="3" name="practice.Test108" time="96.500" errors="0" timestamp="2023-10-19T20:15:59 IST" skipped="0">
  <testcase classname="practice.Test108" name="method1" time="80.106"/>
  <testcase classname="practice.Test108" name="method2" time="15.528"/>
  <testcase classname="practice.Test108" name="method3" time="0.866"/>
</testsuite> <!-- practice.Test108 -->
