<?xml version="1.0" encoding="UTF-8"?>
<!-- Generated by org.testng.reporters.JUnitReportReporter -->
<testsuite hostname="DESKTOP-TRRM22Q" failures="0" tests="1" name="practice.Test226" time="22.915" errors="0" timestamp="2023-12-05T11:37:41 IST" skipped="0">
  <testcase classname="practice.Test226" name="method" time="22.915"/>
</testsuite> <!-- practice.Test226 -->
