<?xml version="1.0" encoding="UTF-8"?>
<!-- Generated by org.testng.reporters.JUnitReportReporter -->
<testsuite hostname="DESKTOP-TRRM22Q" failures="0" tests="2" name="practice.Test102B" time="61.641" errors="0" timestamp="2023-10-19T19:55:49 IST" skipped="0">
  <testcase classname="practice.Test102B" name="method1" time="61.134"/>
  <testcase classname="practice.Test102B" name="method2" time="0.507"/>
</testsuite> <!-- practice.Test102B -->
