<?xml version="1.0" encoding="UTF-8"?>
<!-- Generated by org.testng.reporters.JUnitReportReporter -->
<testsuite hostname="DESKTOP-TRRM22Q" failures="0" tests="2" name="practice.Test100" time="36.046" errors="0" timestamp="2023-10-19T19:32:08 IST" skipped="0">
  <testcase classname="practice.Test100" name="method1" time="30.534"/>
  <testcase classname="practice.Test100" name="method2" time="5.512"/>
</testsuite> <!-- practice.Test100 -->
