<?xml version="1.0" encoding="UTF-8"?>
<!-- Generated by org.testng.reporters.JUnitReportReporter -->
<testsuite hostname="DESKTOP-TRRM22Q" failures="0" tests="1" name="practice.Test197" time="6.179" errors="0" timestamp="2023-11-29T11:32:47 IST" skipped="0">
  <testcase classname="practice.Test197" name="method" time="6.179"/>
</testsuite> <!-- practice.Test197 -->
