<?xml version="1.0" encoding="UTF-8"?>
<!-- Generated by org.testng.reporters.JUnitReportReporter -->
<testsuite hostname="DESKTOP-TRRM22Q" failures="0" tests="1" name="practice.Test97" time="31.404" errors="0" timestamp="2024-05-22T19:43:59 IST" skipped="0">
  <testcase classname="practice.Test97" name="method1" time="31.404"/>
</testsuite> <!-- practice.Test97 -->
