<?xml version="1.0" encoding="UTF-8"?>
<!-- Generated by org.testng.reporters.JUnitReportReporter -->
<testsuite hostname="DESKTOP-TRRM22Q" failures="0" tests="1" name="practice.Test200" time="37.338" errors="0" timestamp="2023-11-29T12:53:43 IST" skipped="0">
  <testcase classname="practice.Test200" name="method" time="37.338"/>
</testsuite> <!-- practice.Test200 -->
