<?xml version="1.0" encoding="UTF-8"?>
<!-- Generated by org.testng.reporters.JUnitReportReporter -->
<testsuite hostname="DESKTOP-TRRM22Q" failures="0" tests="3" name="practice.Test111" time="22.187" errors="0" timestamp="2023-10-19T20:18:03 IST" skipped="0">
  <testcase classname="practice.Test111" name="method1" time="21.710"/>
  <testcase classname="practice.Test111" name="method2" time="0.182"/>
  <testcase classname="practice.Test111" name="method3" time="0.295"/>
</testsuite> <!-- practice.Test111 -->
