<?xml version="1.0" encoding="UTF-8"?>
<!-- Generated by org.testng.reporters.JUnitReportReporter -->
<testsuite hostname="DESKTOP-TRRM22Q" failures="0" tests="1" name="practice.Test90" time="24.223" errors="0" timestamp="2023-10-19T19:06:26 IST" skipped="0">
  <testcase classname="practice.Test90" name="method1" time="24.223"/>
</testsuite> <!-- practice.Test90 -->
