<?xml version="1.0" encoding="UTF-8"?>
<!-- Generated by org.testng.reporters.JUnitReportReporter -->
<testsuite hostname="DESKTOP-TRRM22Q" failures="0" tests="3" name="practice.Test131" time="37.635" errors="0" timestamp="2023-10-12T17:36:58 IST" skipped="0">
  <testcase classname="practice.Test131" name="method1" time="0.329"/>
  <testcase classname="practice.Test131" name="method2" time="23.749"/>
  <testcase classname="practice.Test131" name="method3" time="13.557"/>
</testsuite> <!-- practice.Test131 -->
