<?xml version="1.0" encoding="UTF-8"?>
<!-- Generated by org.testng.reporters.JUnitReportReporter -->
<testsuite hostname="DESKTOP-TRRM22Q" failures="0" tests="1" name="practice.Test225" time="39.755" errors="0" timestamp="2023-12-05T11:18:43 IST" skipped="0">
  <testcase classname="practice.Test225" name="method1" time="39.755"/>
</testsuite> <!-- practice.Test225 -->
