<?xml version="1.0" encoding="UTF-8"?>
<!-- Generated by org.testng.reporters.JUnitReportReporter -->
<testsuite hostname="DESKTOP-TRRM22Q" failures="0" tests="3" name="practice.Test112" time="25.612" errors="0" timestamp="2023-10-19T20:19:20 IST" skipped="0">
  <testcase classname="practice.Test112" name="method1" time="24.520"/>
  <testcase classname="practice.Test112" name="method2" time="0.296"/>
  <testcase classname="practice.Test112" name="method3" time="0.796"/>
</testsuite> <!-- practice.Test112 -->
