<?xml version="1.0" encoding="UTF-8"?>
<!-- Generated by org.testng.reporters.JUnitReportReporter -->
<testsuite hostname="DESKTOP-TRRM22Q" failures="0" tests="1" name="practice.Test222" time="11.648" errors="0" timestamp="2023-12-04T11:24:07 IST" skipped="0">
  <testcase classname="practice.Test222" name="method" time="11.648"/>
</testsuite> <!-- practice.Test222 -->
