<?xml version="1.0" encoding="UTF-8"?>
<!-- Generated by org.testng.reporters.JUnitReportReporter -->
<testsuite hostname="DESKTOP-TRRM22Q" failures="0" tests="2" name="practice.Test120" time="17.647" errors="0" timestamp="2023-10-19T20:52:20 IST" skipped="0">
  <testcase classname="practice.Test120" name="method1" time="17.452"/>
  <testcase classname="practice.Test120" name="method2" time="0.195"/>
</testsuite> <!-- practice.Test120 -->
