<?xml version="1.0" encoding="UTF-8"?>
<!-- Generated by org.testng.reporters.JUnitReportReporter -->
<testsuite hostname="DESKTOP-TRRM22Q" failures="0" tests="1" name="practice.Test145" time="0.017" errors="0" timestamp="2023-10-13T18:07:16 IST" skipped="0">
  <testcase classname="practice.Test145" name="method1" time="0.017"/>
</testsuite> <!-- practice.Test145 -->
