<?xml version="1.0" encoding="UTF-8"?>
<!-- Generated by org.testng.reporters.JUnitReportReporter -->
<testsuite hostname="DESKTOP-TRRM22Q" failures="0" tests="1" name="practice.Test227" time="9.385" errors="0" timestamp="2023-12-05T12:24:21 IST" skipped="0">
  <testcase classname="practice.Test227" name="method" time="9.385"/>
</testsuite> <!-- practice.Test227 -->
