<?xml version="1.0" encoding="UTF-8"?>
<!-- Generated by org.testng.reporters.JUnitReportReporter -->
<testsuite hostname="DESKTOP-TRRM22Q" failures="0" tests="2" name="practice.Test102A" time="68.698" errors="0" timestamp="2023-10-19T19:48:31 IST" skipped="0">
  <testcase classname="practice.Test102A" name="method1" time="62.981"/>
  <testcase classname="practice.Test102A" name="method2" time="5.717"/>
</testsuite> <!-- practice.Test102A -->
