<?xml version="1.0" encoding="UTF-8"?>
<!-- Generated by org.testng.reporters.JUnitReportReporter -->
<testsuite hostname="DESKTOP-TRRM22Q" failures="0" tests="4" name="test.AutoSuggestions2" time="31.149" errors="0" timestamp="2023-11-02T12:01:44 IST" skipped="0">
  <testcase classname="test.AutoSuggestions2" name="sacnner" time="16.945"/>
  <testcase classname="test.AutoSuggestions2" name="launchSite" time="13.718"/>
  <testcase classname="test.AutoSuggestions2" name="searchWord" time="0.293"/>
  <testcase classname="test.AutoSuggestions2" name="closeSite" time="0.193"/>
</testsuite> <!-- test.AutoSuggestions2 -->
