<?xml version="1.0" encoding="UTF-8"?>
<!-- Generated by org.testng.reporters.JUnitReportReporter -->
<testsuite hostname="DESKTOP-TRRM22Q" failures="0" tests="1" name="practice.Test221" time="8.846" errors="0" timestamp="2023-12-02T20:30:56 IST" skipped="0">
  <testcase classname="practice.Test221" name="method" time="8.846"/>
</testsuite> <!-- practice.Test221 -->
