<?xml version="1.0" encoding="UTF-8"?>
<!-- Generated by org.testng.reporters.JUnitReportReporter -->
<testsuite hostname="DESKTOP-TRRM22Q" failures="0" tests="1" name="practice.Test224" time="36.737" errors="0" timestamp="2023-12-05T10:52:13 IST" skipped="0">
  <testcase classname="practice.Test224" name="method1" time="36.737"/>
</testsuite> <!-- practice.Test224 -->
