<?xml version="1.0" encoding="UTF-8"?>
<!-- Generated by org.testng.reporters.JUnitReportReporter -->
<testsuite hostname="DESKTOP-TRRM22Q" failures="0" tests="1" name="practice.Test98" time="14.691" errors="0" timestamp="2024-05-22T19:42:38 IST" skipped="0">
  <testcase classname="practice.Test98" name="method1" time="14.691"/>
</testsuite> <!-- practice.Test98 -->
